[debug] [2023-02-15T16:13:38.011Z] ----------------------------------------------------------------------
[debug] [2023-02-15T16:13:38.014Z] Command:       C:\Program Files\nodejs\node.exe C:\Users\AKHILESH MISHRA\AppData\Roaming\npm\node_modules\firebase-tools\lib\bin\firebase.js init
[debug] [2023-02-15T16:13:38.014Z] CLI Version:   10.9.2
[debug] [2023-02-15T16:13:38.014Z] Platform:      win32
[debug] [2023-02-15T16:13:38.015Z] Node Version:  v14.15.4
[debug] [2023-02-15T16:13:38.016Z] Time:          Wed Feb 15 2023 21:43:38 GMT+0530 (India Standard Time)
[debug] [2023-02-15T16:13:38.016Z] ----------------------------------------------------------------------
[debug] 
[debug] [2023-02-15T16:13:38.029Z] > command requires scopes: ["email","openid","https://www.googleapis.com/auth/cloudplatformprojects.readonly","https://www.googleapis.com/auth/firebase","https://www.googleapis.com/auth/cloud-platform"]
[debug] [2023-02-15T16:13:38.029Z] > authorizing via signed-in user (akhileshmishraucl@gmail.com)
[info] 
     ######## #### ########  ######## ########     ###     ######  ########
     ##        ##  ##     ## ##       ##     ##  ##   ##  ##       ##
     ######    ##  ########  ######   ########  #########  ######  ######
     ##        ##  ##    ##  ##       ##     ## ##     ##       ## ##
     ##       #### ##     ## ######## ########  ##     ##  ######  ########

You're about to initialize a Firebase project in this directory:

  G:\clones\Ecommerceapp\Amazon-clone-using-React---React-Project---6ewz0e89v89d

[info] 
=== Project Setup
[info] 
[info] First, let's associate this project directory with a Firebase project.
[info] You can create multiple project aliases by running firebase use --add, 
[info] but for now we'll just set up a default project.
[info] 
[debug] [2023-02-15T16:15:37.409Z] > refreshing access token with scopes: []
[debug] [2023-02-15T16:15:37.410Z] >>> HTTP REQUEST POST https://www.googleapis.com/oauth2/v3/token  
 <request body omitted>
[debug] [2023-02-15T16:15:38.274Z] <<< HTTP RESPONSE 400 {"pragma":"no-cache","cache-control":"no-cache, no-store, max-age=0, must-revalidate","date":"Wed, 15 Feb 2023 16:15:38 GMT","expires":"Mon, 01 Jan 1990 00:00:00 GMT","content-type":"application/json; charset=utf-8","vary":"X-Origin, Referer, Origin,Accept-Encoding","server":"scaffolding on HTTPServer2","x-xss-protection":"0","x-frame-options":"SAMEORIGIN","x-content-type-options":"nosniff","alt-svc":"h3=\":443\"; ma=2592000,h3-29=\":443\"; ma=2592000","accept-ranges":"none","transfer-encoding":"chunked"}
[debug] [2023-02-15T16:15:38.283Z] >>> [apiv2][query] GET https://firebase.googleapis.com/v1beta1/projects pageSize=100
[debug] [2023-02-15T16:15:38.934Z] <<< [apiv2][status] GET https://firebase.googleapis.com/v1beta1/projects 401
[debug] [2023-02-15T16:15:38.935Z] <<< [apiv2][body] GET https://firebase.googleapis.com/v1beta1/projects [omitted]
[debug] [2023-02-15T16:15:38.936Z] HTTP Error: 401, Request had invalid authentication credentials. Expected OAuth 2 access token, login cookie or other valid authentication credential. See https://developers.google.com/identity/sign-in/web/devconsole-project.
[debug] [2023-02-15T16:15:39.831Z] FirebaseError: HTTP Error: 401, Request had invalid authentication credentials. Expected OAuth 2 access token, login cookie or other valid authentication credential. See https://developers.google.com/identity/sign-in/web/devconsole-project.
    at module.exports (C:\Users\AKHILESH MISHRA\AppData\Roaming\npm\node_modules\firebase-tools\lib\responseToError.js:47:12)
    at RetryOperation._fn (C:\Users\AKHILESH MISHRA\AppData\Roaming\npm\node_modules\firebase-tools\lib\apiv2.js:286:39)
    at processTicksAndRejections (internal/process/task_queues.js:93:5)
[error] 
[error] Error: Failed to list Firebase projects. See firebase-debug.log for more info.
[debug] [2023-02-15T16:15:46.603Z] ----------------------------------------------------------------------
[debug] [2023-02-15T16:15:46.607Z] Command:       C:\Program Files\nodejs\node.exe C:\Users\AKHILESH MISHRA\AppData\Roaming\npm\node_modules\firebase-tools\lib\bin\firebase.js init
[debug] [2023-02-15T16:15:46.607Z] CLI Version:   10.9.2
[debug] [2023-02-15T16:15:46.608Z] Platform:      win32
[debug] [2023-02-15T16:15:46.608Z] Node Version:  v14.15.4
[debug] [2023-02-15T16:15:46.609Z] Time:          Wed Feb 15 2023 21:45:46 GMT+0530 (India Standard Time)
[debug] [2023-02-15T16:15:46.610Z] ----------------------------------------------------------------------
[debug] 
[debug] [2023-02-15T16:15:46.621Z] > command requires scopes: ["email","openid","https://www.googleapis.com/auth/cloudplatformprojects.readonly","https://www.googleapis.com/auth/firebase","https://www.googleapis.com/auth/cloud-platform"]
[debug] [2023-02-15T16:15:46.621Z] > authorizing via signed-in user (akhileshmishraucl@gmail.com)
[info] 
     ######## #### ########  ######## ########     ###     ######  ########
     ##        ##  ##     ## ##       ##     ##  ##   ##  ##       ##
     ######    ##  ########  ######   ########  #########  ######  ######
     ##        ##  ##    ##  ##       ##     ## ##     ##       ## ##
     ##       #### ##     ## ######## ########  ##     ##  ######  ########

You're about to initialize a Firebase project in this directory:

  G:\clones\Ecommerceapp\Amazon-clone-using-React---React-Project---6ewz0e89v89d

[info] 
=== Project Setup
[info] 
[info] First, let's associate this project directory with a Firebase project.
[info] You can create multiple project aliases by running firebase use --add, 
[info] but for now we'll just set up a default project.
[info] 
[debug] [2023-02-15T16:16:06.531Z] > refreshing access token with scopes: []
[debug] [2023-02-15T16:16:06.532Z] >>> HTTP REQUEST POST https://www.googleapis.com/oauth2/v3/token  
 <request body omitted>
[debug] [2023-02-15T16:16:07.203Z] <<< HTTP RESPONSE 400 {"expires":"Mon, 01 Jan 1990 00:00:00 GMT","date":"Wed, 15 Feb 2023 16:16:07 GMT","pragma":"no-cache","cache-control":"no-cache, no-store, max-age=0, must-revalidate","content-type":"application/json; charset=utf-8","vary":"X-Origin, Referer, Origin,Accept-Encoding","server":"scaffolding on HTTPServer2","x-xss-protection":"0","x-frame-options":"SAMEORIGIN","x-content-type-options":"nosniff","alt-svc":"h3=\":443\"; ma=2592000,h3-29=\":443\"; ma=2592000","accept-ranges":"none","transfer-encoding":"chunked"}
[debug] [2023-02-15T16:16:07.212Z] >>> [apiv2][query] GET https://firebase.googleapis.com/v1beta1/projects pageSize=100
[debug] [2023-02-15T16:16:07.743Z] <<< [apiv2][status] GET https://firebase.googleapis.com/v1beta1/projects 401
[debug] [2023-02-15T16:16:07.744Z] <<< [apiv2][body] GET https://firebase.googleapis.com/v1beta1/projects [omitted]
[debug] [2023-02-15T16:16:07.746Z] HTTP Error: 401, Request had invalid authentication credentials. Expected OAuth 2 access token, login cookie or other valid authentication credential. See https://developers.google.com/identity/sign-in/web/devconsole-project.
[debug] [2023-02-15T16:16:08.290Z] FirebaseError: HTTP Error: 401, Request had invalid authentication credentials. Expected OAuth 2 access token, login cookie or other valid authentication credential. See https://developers.google.com/identity/sign-in/web/devconsole-project.
    at module.exports (C:\Users\AKHILESH MISHRA\AppData\Roaming\npm\node_modules\firebase-tools\lib\responseToError.js:47:12)
    at RetryOperation._fn (C:\Users\AKHILESH MISHRA\AppData\Roaming\npm\node_modules\firebase-tools\lib\apiv2.js:286:39)
    at processTicksAndRejections (internal/process/task_queues.js:93:5)
[error] 
[error] Error: Failed to list Firebase projects. See firebase-debug.log for more info.
[debug] [2023-02-15T16:16:37.279Z] ----------------------------------------------------------------------
[debug] [2023-02-15T16:16:37.283Z] Command:       C:\Program Files\nodejs\node.exe C:\Users\AKHILESH MISHRA\AppData\Roaming\npm\node_modules\firebase-tools\lib\bin\firebase.js init
[debug] [2023-02-15T16:16:37.283Z] CLI Version:   10.9.2
[debug] [2023-02-15T16:16:37.283Z] Platform:      win32
[debug] [2023-02-15T16:16:37.284Z] Node Version:  v14.15.4
[debug] [2023-02-15T16:16:37.285Z] Time:          Wed Feb 15 2023 21:46:37 GMT+0530 (India Standard Time)
[debug] [2023-02-15T16:16:37.285Z] ----------------------------------------------------------------------
[debug] 
[debug] [2023-02-15T16:16:37.296Z] > command requires scopes: ["email","openid","https://www.googleapis.com/auth/cloudplatformprojects.readonly","https://www.googleapis.com/auth/firebase","https://www.googleapis.com/auth/cloud-platform"]
[debug] [2023-02-15T16:16:37.296Z] > authorizing via signed-in user (akhileshmishraucl@gmail.com)
[info] 
     ######## #### ########  ######## ########     ###     ######  ########
     ##        ##  ##     ## ##       ##     ##  ##   ##  ##       ##
     ######    ##  ########  ######   ########  #########  ######  ######
     ##        ##  ##    ##  ##       ##     ## ##     ##       ## ##
     ##       #### ##     ## ######## ########  ##     ##  ######  ########

You're about to initialize a Firebase project in this directory:

  G:\clones\Ecommerceapp\Amazon-clone-using-React---React-Project---6ewz0e89v89d

[info] 
=== Project Setup
[info] 
[info] First, let's associate this project directory with a Firebase project.
[info] You can create multiple project aliases by running firebase use --add, 
[info] but for now we'll just set up a default project.
[info] 
